
> server-express@1.0.0 start
> node app.js

node:internal/modules/cjs/loader:1152
  throw err;
  ^

Error: Cannot find module 'express'
Require stack:
- /Users/ductrongpham/Desktop/server-express/app.js
    at Module._resolveFilename (node:internal/modules/cjs/loader:1149:15)
    at Module._load (node:internal/modules/cjs/loader:990:27)
    at Module.require (node:internal/modules/cjs/loader:1237:19)
    at require (node:internal/modules/helpers:176:18)
    at Object.<anonymous> (/Users/ductrongpham/Desktop/server-express/app.js:2:17)
    at Module._compile (node:internal/modules/cjs/loader:1378:14)
    at Module._extensions..js (node:internal/modules/cjs/loader:1437:10)
    at Module.load (node:internal/modules/cjs/loader:1212:32)
    at Module._load (node:internal/modules/cjs/loader:1028:12)
    at Function.executeUserEntryPoint [as runMain] (node:internal/modules/run_main:142:12) {
  code: 'MODULE_NOT_FOUND',
  requireStack: [ '/Users/ductrongpham/Desktop/server-express/app.js' ]
}

Node.js v21.6.2
